mode: set
ThreeLayeredArchitecture/store/task/task.go:10.32,12.2 1 1
ThreeLayeredArchitecture/store/task/task.go:14.85,16.16 2 1
ThreeLayeredArchitecture/store/task/task.go:16.16,18.3 1 1
ThreeLayeredArchitecture/store/task/task.go:20.2,21.16 2 1
ThreeLayeredArchitecture/store/task/task.go:21.16,23.3 1 1
ThreeLayeredArchitecture/store/task/task.go:25.2,26.19 2 1
ThreeLayeredArchitecture/store/task/task.go:30.72,33.16 3 1
ThreeLayeredArchitecture/store/task/task.go:33.16,35.3 1 0
ThreeLayeredArchitecture/store/task/task.go:37.2,38.18 2 1
ThreeLayeredArchitecture/store/task/task.go:38.18,41.17 3 1
ThreeLayeredArchitecture/store/task/task.go:41.17,43.4 1 0
ThreeLayeredArchitecture/store/task/task.go:44.3,44.30 1 1
ThreeLayeredArchitecture/store/task/task.go:46.2,46.19 1 1
ThreeLayeredArchitecture/store/task/task.go:49.75,57.2 5 1
ThreeLayeredArchitecture/store/task/task.go:59.65,64.2 3 1
ThreeLayeredArchitecture/store/task/task.go:66.62,71.2 3 1
