mode: set
ThreeLayeredArchitecture/services/task/mock_interface.go:32.81,36.2 3 1
ThreeLayeredArchitecture/services/task/mock_interface.go:39.79,41.2 1 1
ThreeLayeredArchitecture/services/task/mock_interface.go:44.88,50.2 5 1
ThreeLayeredArchitecture/services/task/mock_interface.go:53.88,56.2 2 1
ThreeLayeredArchitecture/services/task/mock_interface.go:59.59,64.2 4 1
ThreeLayeredArchitecture/services/task/mock_interface.go:67.79,70.2 2 1
ThreeLayeredArchitecture/services/task/mock_interface.go:73.77,79.2 5 1
ThreeLayeredArchitecture/services/task/mock_interface.go:82.78,85.2 2 1
ThreeLayeredArchitecture/services/task/mock_interface.go:88.77,94.2 5 1
ThreeLayeredArchitecture/services/task/mock_interface.go:97.80,100.2 2 1
ThreeLayeredArchitecture/services/task/mock_interface.go:103.66,108.2 4 1
ThreeLayeredArchitecture/services/task/mock_interface.go:111.86,114.2 2 1
ThreeLayeredArchitecture/services/task/task.go:11.60,13.2 1 1
ThreeLayeredArchitecture/services/task/task.go:15.77,17.2 1 1
ThreeLayeredArchitecture/services/task/task.go:19.66,21.2 1 1
ThreeLayeredArchitecture/services/task/task.go:23.62,25.2 1 1
ThreeLayeredArchitecture/services/task/task.go:27.50,29.2 1 1
ThreeLayeredArchitecture/services/task/task.go:31.48,33.2 1 1
